c:\naishadh\projects\nsbytesmaths\bunnyworldapplication\debug\bunnyworldapplication.pch
c:\naishadh\projects\nsbytesmaths\bunnyworldapplication\debug\stdafx.obj
c:\naishadh\projects\nsbytesmaths\bunnyworldapplication\debug\vc110.pdb
c:\naishadh\projects\nsbytesmaths\bunnyworldapplication\debug\bunny.obj
c:\naishadh\projects\nsbytesmaths\bunnyworldapplication\debug\bunnydatastructure.obj
c:\naishadh\projects\nsbytesmaths\bunnyworldapplication\debug\bunnyrandomgenerator.obj
c:\naishadh\projects\nsbytesmaths\bunnyworldapplication\debug\bunnyworldapplication.obj
c:\naishadh\projects\nsbytesmaths\bunnyworldapplication\debug\bunnynode.obj
c:\naishadh\projects\nsbytesmaths\debug\bunnyworldapplication.ilk
c:\naishadh\projects\nsbytesmaths\debug\bunnyworldapplication.exe
c:\naishadh\projects\nsbytesmaths\debug\bunnyworldapplication.pdb
c:\naishadh\projects\nsbytesmaths\bunnyworldapplication\debug\vc140.pdb
c:\naishadh\projects\nsbytesmaths\bunnyworldapplication\debug\vc140.idb
c:\naishadh\projects\nsbytesmaths\bunnyworldapplication\debug\bunnyworldapplication.pdb
c:\naishadh\projects\nsbytesmaths\bunnyworldapplication\debug\bunnyworldapplication.idb
c:\naishadh\projects\nsbytesmaths\debug\bunnyworldapplication.lib
c:\naishadh\projects\nsbytesmaths\debug\bunnyworldapplication.dll
c:\naishadh\projects\nsbytesmaths\bunnyworldapplication\debug\cl.command.1.tlog
c:\naishadh\projects\nsbytesmaths\bunnyworldapplication\debug\cl.read.1.tlog
c:\naishadh\projects\nsbytesmaths\bunnyworldapplication\debug\cl.write.1.tlog
c:\naishadh\projects\nsbytesmaths\bunnyworldapplication\debug\link-cvtres.read.1.tlog
c:\naishadh\projects\nsbytesmaths\bunnyworldapplication\debug\link-cvtres.write.1.tlog
c:\naishadh\projects\nsbytesmaths\bunnyworldapplication\debug\link-rc.read.1.tlog
c:\naishadh\projects\nsbytesmaths\bunnyworldapplication\debug\link-rc.write.1.tlog
c:\naishadh\projects\nsbytesmaths\bunnyworldapplication\debug\link.command.1.tlog
c:\naishadh\projects\nsbytesmaths\bunnyworldapplication\debug\link.read.1.tlog
c:\naishadh\projects\nsbytesmaths\bunnyworldapplication\debug\link.write.1.tlog
c:\naishadh\projects\nsbytesmaths\bunnyworldapplication\debug\vc110.idb
c:\naishadh\projects\nsbytesmaths\bunnyworldapplication\debug\bunnywor.07f20851.tlog\cl.command.1.tlog
c:\naishadh\projects\nsbytesmaths\bunnyworldapplication\debug\bunnywor.07f20851.tlog\cl.read.1.tlog
c:\naishadh\projects\nsbytesmaths\bunnyworldapplication\debug\bunnywor.07f20851.tlog\cl.write.1.tlog
c:\naishadh\projects\nsbytesmaths\bunnyworldapplication\debug\bunnywor.07f20851.tlog\lib-link.read.1.tlog
c:\naishadh\projects\nsbytesmaths\bunnyworldapplication\debug\bunnywor.07f20851.tlog\lib-link.write.1.tlog
c:\naishadh\projects\nsbytesmaths\bunnyworldapplication\debug\bunnywor.07f20851.tlog\lib.command.1.tlog
c:\naishadh\projects\nsbytesmaths\bunnyworldapplication\debug\bunnywor.07f20851.tlog\link.command.1.tlog
c:\naishadh\projects\nsbytesmaths\bunnyworldapplication\debug\bunnywor.07f20851.tlog\link.read.1.tlog
c:\naishadh\projects\nsbytesmaths\bunnyworldapplication\debug\bunnywor.07f20851.tlog\link.write.1.tlog
