C:\NAISHADH\MYC++PROJECTS\NSBYTESMATHS\SANBOXFORCPPCONCEPTS\DEBUG\SANBOXFORCPPCONCEPTS.PCH
C:\NAISHADH\MYC++PROJECTS\NSBYTESMATHS\SANBOXFORCPPCONCEPTS\DEBUG\STDAFX.OBJ
C:\NAISHADH\MYC++PROJECTS\NSBYTESMATHS\SANBOXFORCPPCONCEPTS\DEBUG\VC110.PDB
C:\NAISHADH\MYC++PROJECTS\NSBYTESMATHS\SANBOXFORCPPCONCEPTS\DEBUG\SANBOXFORCPPCONCEPTS.OBJ
C:\NAISHADH\MYC++PROJECTS\NSBYTESMATHS\DEBUG\SANBOXFORCPPCONCEPTS.ILK
C:\NAISHADH\MYC++PROJECTS\NSBYTESMATHS\DEBUG\SANBOXFORCPPCONCEPTS.EXE
C:\NAISHADH\MYC++PROJECTS\NSBYTESMATHS\DEBUG\SANBOXFORCPPCONCEPTS.PDB
C:\Naishadh\MyC++Projects\NSBytesMaths\SanBoxForCPPConcepts\Debug\SanBoxForCPPConcepts.obj
C:\Naishadh\MyC++Projects\NSBytesMaths\SanBoxForCPPConcepts\Debug\stdafx.obj
C:\Naishadh\MyC++Projects\NSBytesMaths\SanBoxForCPPConcepts\Debug\cl.command.1.tlog
C:\Naishadh\MyC++Projects\NSBytesMaths\SanBoxForCPPConcepts\Debug\CL.read.1.tlog
C:\Naishadh\MyC++Projects\NSBytesMaths\SanBoxForCPPConcepts\Debug\CL.write.1.tlog
C:\Naishadh\MyC++Projects\NSBytesMaths\SanBoxForCPPConcepts\Debug\link-cvtres.read.1.tlog
C:\Naishadh\MyC++Projects\NSBytesMaths\SanBoxForCPPConcepts\Debug\link-cvtres.write.1.tlog
C:\Naishadh\MyC++Projects\NSBytesMaths\SanBoxForCPPConcepts\Debug\link-rc.read.1.tlog
C:\Naishadh\MyC++Projects\NSBytesMaths\SanBoxForCPPConcepts\Debug\link-rc.write.1.tlog
C:\Naishadh\MyC++Projects\NSBytesMaths\SanBoxForCPPConcepts\Debug\link.command.1.tlog
C:\Naishadh\MyC++Projects\NSBytesMaths\SanBoxForCPPConcepts\Debug\link.read.1.tlog
C:\Naishadh\MyC++Projects\NSBytesMaths\SanBoxForCPPConcepts\Debug\link.write.1.tlog
C:\Naishadh\MyC++Projects\NSBytesMaths\SanBoxForCPPConcepts\Debug\SanBoxForCPPConcepts.pch
C:\Naishadh\MyC++Projects\NSBytesMaths\SanBoxForCPPConcepts\Debug\vc110.idb
C:\Naishadh\MyC++Projects\NSBytesMaths\SanBoxForCPPConcepts\Debug\vc110.pdb
C:\Naishadh\MyC++Projects\NSBytesMaths\Debug\SanBoxForCPPConcepts.pdb
C:\Naishadh\MyC++Projects\NSBytesMaths\Debug\SanBoxForCPPConcepts.exe
C:\Naishadh\MyC++Projects\NSBytesMaths\Debug\SanBoxForCPPConcepts.ilk
