C:\NAISHADH\PROJECTS\NSBYTESMATHS\NSBYTESMATHS\DEBUG\NSBYTESMATHS.PCH
C:\NAISHADH\PROJECTS\NSBYTESMATHS\NSBYTESMATHS\DEBUG\STDAFX.OBJ
C:\NAISHADH\PROJECTS\NSBYTESMATHS\NSBYTESMATHS\DEBUG\VC110.PDB
C:\NAISHADH\PROJECTS\NSBYTESMATHS\NSBYTESMATHS\DEBUG\NSBYTESMATHS.OBJ
C:\NAISHADH\PROJECTS\NSBYTESMATHS\NSBYTESMATHS\DEBUG\UTILITY.OBJ
C:\NAISHADH\PROJECTS\NSBYTESMATHS\DEBUG\NSBYTESMATHS.ILK
C:\NAISHADH\PROJECTS\NSBYTESMATHS\DEBUG\NSBYTESMATHS.EXE
C:\NAISHADH\PROJECTS\NSBYTESMATHS\DEBUG\NSBYTESMATHS.PDB
C:\Naishadh\MyC++Projects\NSBytesMaths\NSBytesMaths\Debug\NSBytesMaths.obj
C:\Naishadh\MyC++Projects\NSBytesMaths\NSBytesMaths\Debug\stdafx.obj
C:\Naishadh\MyC++Projects\NSBytesMaths\NSBytesMaths\Debug\Utility.obj
C:\Naishadh\MyC++Projects\NSBytesMaths\NSBytesMaths\Debug\cl.command.1.tlog
C:\Naishadh\MyC++Projects\NSBytesMaths\NSBytesMaths\Debug\CL.read.1.tlog
C:\Naishadh\MyC++Projects\NSBytesMaths\NSBytesMaths\Debug\CL.write.1.tlog
C:\Naishadh\MyC++Projects\NSBytesMaths\NSBytesMaths\Debug\link-cvtres.read.1.tlog
C:\Naishadh\MyC++Projects\NSBytesMaths\NSBytesMaths\Debug\link-cvtres.write.1.tlog
C:\Naishadh\MyC++Projects\NSBytesMaths\NSBytesMaths\Debug\link-rc.read.1.tlog
C:\Naishadh\MyC++Projects\NSBytesMaths\NSBytesMaths\Debug\link-rc.write.1.tlog
C:\Naishadh\MyC++Projects\NSBytesMaths\NSBytesMaths\Debug\link.10980-cvtres.read.1.tlog
C:\Naishadh\MyC++Projects\NSBytesMaths\NSBytesMaths\Debug\link.10980-cvtres.write.1.tlog
C:\Naishadh\MyC++Projects\NSBytesMaths\NSBytesMaths\Debug\link.10980-rc.read.1.tlog
C:\Naishadh\MyC++Projects\NSBytesMaths\NSBytesMaths\Debug\link.10980-rc.write.1.tlog
C:\Naishadh\MyC++Projects\NSBytesMaths\NSBytesMaths\Debug\link.10980.read.1.tlog
C:\Naishadh\MyC++Projects\NSBytesMaths\NSBytesMaths\Debug\link.10980.write.1.tlog
C:\Naishadh\MyC++Projects\NSBytesMaths\NSBytesMaths\Debug\link.command.1.tlog
C:\Naishadh\MyC++Projects\NSBytesMaths\NSBytesMaths\Debug\link.read.1.tlog
C:\Naishadh\MyC++Projects\NSBytesMaths\NSBytesMaths\Debug\link.write.1.tlog
C:\Naishadh\MyC++Projects\NSBytesMaths\NSBytesMaths\Debug\NSBytesMaths.pch
C:\Naishadh\MyC++Projects\NSBytesMaths\NSBytesMaths\Debug\vc110.idb
C:\Naishadh\MyC++Projects\NSBytesMaths\NSBytesMaths\Debug\vc110.pdb
C:\Naishadh\MyC++Projects\NSBytesMaths\Debug\NSBytesMaths.pdb
C:\Naishadh\MyC++Projects\NSBytesMaths\Debug\NSBytesMaths.exe
C:\Naishadh\MyC++Projects\NSBytesMaths\Debug\NSBytesMaths.ilk
